[2025-05-22 20:21:20] local.ERROR: SQLSTATE[42S22]: Column not found: 1054 Unknown column 'rolename' in 'field list' (SQL: insert into `users` (`rolename`, `name`, `email`, `password`, `email_verified_at`, `created_at`, `updated_at`) values (SUPERADMIN, superadministrador, superadmin@superadmin.com, $2y$10$B7DkdsBowIOkoNi0qYgCMOhOMHODdbqcYMUXwy6z3dP8z392M3DYO, 2025-05-23 00:21:19, 2025-05-22 20:21:20, 2025-05-22 20:21:20)) {"exception":"[object] (Illuminate\\Database\\QueryException(code: 42S22): SQLSTATE[42S22]: Column not found: 1054 Unknown column 'rolename' in 'field list' (SQL: insert into `users` (`rolename`, `name`, `email`, `password`, `email_verified_at`, `created_at`, `updated_at`) values (SUPERADMIN, superadministrador, superadmin@superadmin.com, $2y$10$B7DkdsBowIOkoNi0qYgCMOhOMHODdbqcYMUXwy6z3dP8z392M3DYO, 2025-05-23 00:21:19, 2025-05-22 20:21:20, 2025-05-22 20:21:20)) at /Users/malcolm/Documents/work/clientes/svcbmf/backend-api-svcbmf/vendor/laravel/framework/src/Illuminate/Database/Connection.php:712)
[stacktrace]
#0 /Users/malcolm/Documents/work/clientes/svcbmf/backend-api-svcbmf/vendor/laravel/framework/src/Illuminate/Database/Connection.php(672): Illuminate\\Database\\Connection->runQueryCallback('insert into `us...', Array, Object(Closure))
#1 /Users/malcolm/Documents/work/clientes/svcbmf/backend-api-svcbmf/vendor/laravel/framework/src/Illuminate/Database/Connection.php(490): Illuminate\\Database\\Connection->run('insert into `us...', Array, Object(Closure))
#2 /Users/malcolm/Documents/work/clientes/svcbmf/backend-api-svcbmf/vendor/laravel/framework/src/Illuminate/Database/Connection.php(454): Illuminate\\Database\\Connection->statement('insert into `us...', Array)
#3 /Users/malcolm/Documents/work/clientes/svcbmf/backend-api-svcbmf/vendor/laravel/framework/src/Illuminate/Database/Query/Processors/Processor.php(32): Illuminate\\Database\\Connection->insert('insert into `us...', Array)
#4 /Users/malcolm/Documents/work/clientes/svcbmf/backend-api-svcbmf/vendor/laravel/framework/src/Illuminate/Database/Query/Builder.php(3028): Illuminate\\Database\\Query\\Processors\\Processor->processInsertGetId(Object(Illuminate\\Database\\Query\\Builder), 'insert into `us...', Array, 'id')
#5 /Users/malcolm/Documents/work/clientes/svcbmf/backend-api-svcbmf/vendor/laravel/framework/src/Illuminate/Database/Eloquent/Builder.php(1657): Illuminate\\Database\\Query\\Builder->insertGetId(Array, 'id')
#6 /Users/malcolm/Documents/work/clientes/svcbmf/backend-api-svcbmf/vendor/laravel/framework/src/Illuminate/Database/Eloquent/Model.php(1188): Illuminate\\Database\\Eloquent\\Builder->__call('insertGetId', Array)
#7 /Users/malcolm/Documents/work/clientes/svcbmf/backend-api-svcbmf/vendor/laravel/framework/src/Illuminate/Database/Eloquent/Model.php(1153): Illuminate\\Database\\Eloquent\\Model->insertAndSetId(Object(Illuminate\\Database\\Eloquent\\Builder), Array)
#8 /Users/malcolm/Documents/work/clientes/svcbmf/backend-api-svcbmf/vendor/laravel/framework/src/Illuminate/Database/Eloquent/Model.php(994): Illuminate\\Database\\Eloquent\\Model->performInsert(Object(Illuminate\\Database\\Eloquent\\Builder))
#9 /Users/malcolm/Documents/work/clientes/svcbmf/backend-api-svcbmf/vendor/laravel/framework/src/Illuminate/Database/Eloquent/Builder.php(896): Illuminate\\Database\\Eloquent\\Model->save()
#10 /Users/malcolm/Documents/work/clientes/svcbmf/backend-api-svcbmf/vendor/laravel/framework/src/Illuminate/Support/helpers.php(263): Illuminate\\Database\\Eloquent\\Builder->{closure:Illuminate\\Database\\Eloquent\\Builder::create():895}(Object(App\\Models\\User))
#11 /Users/malcolm/Documents/work/clientes/svcbmf/backend-api-svcbmf/vendor/laravel/framework/src/Illuminate/Database/Eloquent/Builder.php(895): tap(Object(App\\Models\\User), Object(Closure))
#12 /Users/malcolm/Documents/work/clientes/svcbmf/backend-api-svcbmf/vendor/laravel/framework/src/Illuminate/Support/Traits/ForwardsCalls.php(23): Illuminate\\Database\\Eloquent\\Builder->create(Array)
#13 /Users/malcolm/Documents/work/clientes/svcbmf/backend-api-svcbmf/vendor/laravel/framework/src/Illuminate/Database/Eloquent/Model.php(2132): Illuminate\\Database\\Eloquent\\Model->forwardCallTo(Object(Illuminate\\Database\\Eloquent\\Builder), 'create', Array)
#14 /Users/malcolm/Documents/work/clientes/svcbmf/backend-api-svcbmf/vendor/laravel/framework/src/Illuminate/Database/Eloquent/Model.php(2144): Illuminate\\Database\\Eloquent\\Model->__call('create', Array)
#15 /Users/malcolm/Documents/work/clientes/svcbmf/backend-api-svcbmf/database/seeders/UserSeeder.php(63): Illuminate\\Database\\Eloquent\\Model::__callStatic('create', Array)
#16 /Users/malcolm/Documents/work/clientes/svcbmf/backend-api-svcbmf/vendor/laravel/framework/src/Illuminate/Container/BoundMethod.php(36): Database\\Seeders\\UserSeeder->run()
#17 /Users/malcolm/Documents/work/clientes/svcbmf/backend-api-svcbmf/vendor/laravel/framework/src/Illuminate/Container/Util.php(40): Illuminate\\Container\\BoundMethod::{closure:Illuminate\\Container\\BoundMethod::call():35}()
#18 /Users/malcolm/Documents/work/clientes/svcbmf/backend-api-svcbmf/vendor/laravel/framework/src/Illuminate/Container/BoundMethod.php(93): Illuminate\\Container\\Util::unwrapIfClosure(Object(Closure))
#19 /Users/malcolm/Documents/work/clientes/svcbmf/backend-api-svcbmf/vendor/laravel/framework/src/Illuminate/Container/BoundMethod.php(35): Illuminate\\Container\\BoundMethod::callBoundMethod(Object(Illuminate\\Foundation\\Application), Array, Object(Closure))
#20 /Users/malcolm/Documents/work/clientes/svcbmf/backend-api-svcbmf/vendor/laravel/framework/src/Illuminate/Container/Container.php(653): Illuminate\\Container\\BoundMethod::call(Object(Illuminate\\Foundation\\Application), Array, Array, NULL)
#21 /Users/malcolm/Documents/work/clientes/svcbmf/backend-api-svcbmf/vendor/laravel/framework/src/Illuminate/Database/Seeder.php(149): Illuminate\\Container\\Container->call(Array, Array)
#22 /Users/malcolm/Documents/work/clientes/svcbmf/backend-api-svcbmf/vendor/laravel/framework/src/Illuminate/Database/Console/Seeds/SeedCommand.php(66): Illuminate\\Database\\Seeder->__invoke()
#23 /Users/malcolm/Documents/work/clientes/svcbmf/backend-api-svcbmf/vendor/laravel/framework/src/Illuminate/Database/Eloquent/Concerns/GuardsAttributes.php(157): Illuminate\\Database\\Console\\Seeds\\SeedCommand->{closure:Illuminate\\Database\\Console\\Seeds\\SeedCommand::handle():65}()
#24 /Users/malcolm/Documents/work/clientes/svcbmf/backend-api-svcbmf/vendor/laravel/framework/src/Illuminate/Database/Console/Seeds/SeedCommand.php(65): Illuminate\\Database\\Eloquent\\Model::unguarded(Object(Closure))
#25 /Users/malcolm/Documents/work/clientes/svcbmf/backend-api-svcbmf/vendor/laravel/framework/src/Illuminate/Container/BoundMethod.php(36): Illuminate\\Database\\Console\\Seeds\\SeedCommand->handle()
#26 /Users/malcolm/Documents/work/clientes/svcbmf/backend-api-svcbmf/vendor/laravel/framework/src/Illuminate/Container/Util.php(40): Illuminate\\Container\\BoundMethod::{closure:Illuminate\\Container\\BoundMethod::call():35}()
#27 /Users/malcolm/Documents/work/clientes/svcbmf/backend-api-svcbmf/vendor/laravel/framework/src/Illuminate/Container/BoundMethod.php(93): Illuminate\\Container\\Util::unwrapIfClosure(Object(Closure))
#28 /Users/malcolm/Documents/work/clientes/svcbmf/backend-api-svcbmf/vendor/laravel/framework/src/Illuminate/Container/BoundMethod.php(35): Illuminate\\Container\\BoundMethod::callBoundMethod(Object(Illuminate\\Foundation\\Application), Array, Object(Closure))
#29 /Users/malcolm/Documents/work/clientes/svcbmf/backend-api-svcbmf/vendor/laravel/framework/src/Illuminate/Container/Container.php(653): Illuminate\\Container\\BoundMethod::call(Object(Illuminate\\Foundation\\Application), Array, Array, NULL)
#30 /Users/malcolm/Documents/work/clientes/svcbmf/backend-api-svcbmf/vendor/laravel/framework/src/Illuminate/Console/Command.php(136): Illuminate\\Container\\Container->call(Array)
#31 /Users/malcolm/Documents/work/clientes/svcbmf/backend-api-svcbmf/vendor/symfony/console/Command/Command.php(298): Illuminate\\Console\\Command->execute(Object(Symfony\\Component\\Console\\Input\\ArgvInput), Object(Illuminate\\Console\\OutputStyle))
#32 /Users/malcolm/Documents/work/clientes/svcbmf/backend-api-svcbmf/vendor/laravel/framework/src/Illuminate/Console/Command.php(120): Symfony\\Component\\Console\\Command\\Command->run(Object(Symfony\\Component\\Console\\Input\\ArgvInput), Object(Illuminate\\Console\\OutputStyle))
#33 /Users/malcolm/Documents/work/clientes/svcbmf/backend-api-svcbmf/vendor/symfony/console/Application.php(1040): Illuminate\\Console\\Command->run(Object(Symfony\\Component\\Console\\Input\\ArgvInput), Object(Symfony\\Component\\Console\\Output\\ConsoleOutput))
#34 /Users/malcolm/Documents/work/clientes/svcbmf/backend-api-svcbmf/vendor/symfony/console/Application.php(301): Symfony\\Component\\Console\\Application->doRunCommand(Object(Illuminate\\Database\\Console\\Seeds\\SeedCommand), Object(Symfony\\Component\\Console\\Input\\ArgvInput), Object(Symfony\\Component\\Console\\Output\\ConsoleOutput))
#35 /Users/malcolm/Documents/work/clientes/svcbmf/backend-api-svcbmf/vendor/symfony/console/Application.php(171): Symfony\\Component\\Console\\Application->doRun(Object(Symfony\\Component\\Console\\Input\\ArgvInput), Object(Symfony\\Component\\Console\\Output\\ConsoleOutput))
#36 /Users/malcolm/Documents/work/clientes/svcbmf/backend-api-svcbmf/vendor/laravel/framework/src/Illuminate/Console/Application.php(94): Symfony\\Component\\Console\\Application->run(Object(Symfony\\Component\\Console\\Input\\ArgvInput), Object(Symfony\\Component\\Console\\Output\\ConsoleOutput))
#37 /Users/malcolm/Documents/work/clientes/svcbmf/backend-api-svcbmf/vendor/laravel/framework/src/Illuminate/Foundation/Console/Kernel.php(129): Illuminate\\Console\\Application->run(Object(Symfony\\Component\\Console\\Input\\ArgvInput), Object(Symfony\\Component\\Console\\Output\\ConsoleOutput))
#38 /Users/malcolm/Documents/work/clientes/svcbmf/backend-api-svcbmf/artisan(35): Illuminate\\Foundation\\Console\\Kernel->handle(Object(Symfony\\Component\\Console\\Input\\ArgvInput), Object(Symfony\\Component\\Console\\Output\\ConsoleOutput))
#39 {main}

[previous exception] [object] (PDOException(code: 42S22): SQLSTATE[42S22]: Column not found: 1054 Unknown column 'rolename' in 'field list' at /Users/malcolm/Documents/work/clientes/svcbmf/backend-api-svcbmf/vendor/laravel/framework/src/Illuminate/Database/Connection.php:495)
[stacktrace]
#0 /Users/malcolm/Documents/work/clientes/svcbmf/backend-api-svcbmf/vendor/laravel/framework/src/Illuminate/Database/Connection.php(495): PDO->prepare('insert into `us...')
#1 /Users/malcolm/Documents/work/clientes/svcbmf/backend-api-svcbmf/vendor/laravel/framework/src/Illuminate/Database/Connection.php(705): Illuminate\\Database\\Connection->{closure:Illuminate\\Database\\Connection::statement():490}('insert into `us...', Array)
#2 /Users/malcolm/Documents/work/clientes/svcbmf/backend-api-svcbmf/vendor/laravel/framework/src/Illuminate/Database/Connection.php(672): Illuminate\\Database\\Connection->runQueryCallback('insert into `us...', Array, Object(Closure))
#3 /Users/malcolm/Documents/work/clientes/svcbmf/backend-api-svcbmf/vendor/laravel/framework/src/Illuminate/Database/Connection.php(490): Illuminate\\Database\\Connection->run('insert into `us...', Array, Object(Closure))
#4 /Users/malcolm/Documents/work/clientes/svcbmf/backend-api-svcbmf/vendor/laravel/framework/src/Illuminate/Database/Connection.php(454): Illuminate\\Database\\Connection->statement('insert into `us...', Array)
#5 /Users/malcolm/Documents/work/clientes/svcbmf/backend-api-svcbmf/vendor/laravel/framework/src/Illuminate/Database/Query/Processors/Processor.php(32): Illuminate\\Database\\Connection->insert('insert into `us...', Array)
#6 /Users/malcolm/Documents/work/clientes/svcbmf/backend-api-svcbmf/vendor/laravel/framework/src/Illuminate/Database/Query/Builder.php(3028): Illuminate\\Database\\Query\\Processors\\Processor->processInsertGetId(Object(Illuminate\\Database\\Query\\Builder), 'insert into `us...', Array, 'id')
#7 /Users/malcolm/Documents/work/clientes/svcbmf/backend-api-svcbmf/vendor/laravel/framework/src/Illuminate/Database/Eloquent/Builder.php(1657): Illuminate\\Database\\Query\\Builder->insertGetId(Array, 'id')
#8 /Users/malcolm/Documents/work/clientes/svcbmf/backend-api-svcbmf/vendor/laravel/framework/src/Illuminate/Database/Eloquent/Model.php(1188): Illuminate\\Database\\Eloquent\\Builder->__call('insertGetId', Array)
#9 /Users/malcolm/Documents/work/clientes/svcbmf/backend-api-svcbmf/vendor/laravel/framework/src/Illuminate/Database/Eloquent/Model.php(1153): Illuminate\\Database\\Eloquent\\Model->insertAndSetId(Object(Illuminate\\Database\\Eloquent\\Builder), Array)
#10 /Users/malcolm/Documents/work/clientes/svcbmf/backend-api-svcbmf/vendor/laravel/framework/src/Illuminate/Database/Eloquent/Model.php(994): Illuminate\\Database\\Eloquent\\Model->performInsert(Object(Illuminate\\Database\\Eloquent\\Builder))
#11 /Users/malcolm/Documents/work/clientes/svcbmf/backend-api-svcbmf/vendor/laravel/framework/src/Illuminate/Database/Eloquent/Builder.php(896): Illuminate\\Database\\Eloquent\\Model->save()
#12 /Users/malcolm/Documents/work/clientes/svcbmf/backend-api-svcbmf/vendor/laravel/framework/src/Illuminate/Support/helpers.php(263): Illuminate\\Database\\Eloquent\\Builder->{closure:Illuminate\\Database\\Eloquent\\Builder::create():895}(Object(App\\Models\\User))
#13 /Users/malcolm/Documents/work/clientes/svcbmf/backend-api-svcbmf/vendor/laravel/framework/src/Illuminate/Database/Eloquent/Builder.php(895): tap(Object(App\\Models\\User), Object(Closure))
#14 /Users/malcolm/Documents/work/clientes/svcbmf/backend-api-svcbmf/vendor/laravel/framework/src/Illuminate/Support/Traits/ForwardsCalls.php(23): Illuminate\\Database\\Eloquent\\Builder->create(Array)
#15 /Users/malcolm/Documents/work/clientes/svcbmf/backend-api-svcbmf/vendor/laravel/framework/src/Illuminate/Database/Eloquent/Model.php(2132): Illuminate\\Database\\Eloquent\\Model->forwardCallTo(Object(Illuminate\\Database\\Eloquent\\Builder), 'create', Array)
#16 /Users/malcolm/Documents/work/clientes/svcbmf/backend-api-svcbmf/vendor/laravel/framework/src/Illuminate/Database/Eloquent/Model.php(2144): Illuminate\\Database\\Eloquent\\Model->__call('create', Array)
#17 /Users/malcolm/Documents/work/clientes/svcbmf/backend-api-svcbmf/database/seeders/UserSeeder.php(63): Illuminate\\Database\\Eloquent\\Model::__callStatic('create', Array)
#18 /Users/malcolm/Documents/work/clientes/svcbmf/backend-api-svcbmf/vendor/laravel/framework/src/Illuminate/Container/BoundMethod.php(36): Database\\Seeders\\UserSeeder->run()
#19 /Users/malcolm/Documents/work/clientes/svcbmf/backend-api-svcbmf/vendor/laravel/framework/src/Illuminate/Container/Util.php(40): Illuminate\\Container\\BoundMethod::{closure:Illuminate\\Container\\BoundMethod::call():35}()
#20 /Users/malcolm/Documents/work/clientes/svcbmf/backend-api-svcbmf/vendor/laravel/framework/src/Illuminate/Container/BoundMethod.php(93): Illuminate\\Container\\Util::unwrapIfClosure(Object(Closure))
#21 /Users/malcolm/Documents/work/clientes/svcbmf/backend-api-svcbmf/vendor/laravel/framework/src/Illuminate/Container/BoundMethod.php(35): Illuminate\\Container\\BoundMethod::callBoundMethod(Object(Illuminate\\Foundation\\Application), Array, Object(Closure))
#22 /Users/malcolm/Documents/work/clientes/svcbmf/backend-api-svcbmf/vendor/laravel/framework/src/Illuminate/Container/Container.php(653): Illuminate\\Container\\BoundMethod::call(Object(Illuminate\\Foundation\\Application), Array, Array, NULL)
#23 /Users/malcolm/Documents/work/clientes/svcbmf/backend-api-svcbmf/vendor/laravel/framework/src/Illuminate/Database/Seeder.php(149): Illuminate\\Container\\Container->call(Array, Array)
#24 /Users/malcolm/Documents/work/clientes/svcbmf/backend-api-svcbmf/vendor/laravel/framework/src/Illuminate/Database/Console/Seeds/SeedCommand.php(66): Illuminate\\Database\\Seeder->__invoke()
#25 /Users/malcolm/Documents/work/clientes/svcbmf/backend-api-svcbmf/vendor/laravel/framework/src/Illuminate/Database/Eloquent/Concerns/GuardsAttributes.php(157): Illuminate\\Database\\Console\\Seeds\\SeedCommand->{closure:Illuminate\\Database\\Console\\Seeds\\SeedCommand::handle():65}()
#26 /Users/malcolm/Documents/work/clientes/svcbmf/backend-api-svcbmf/vendor/laravel/framework/src/Illuminate/Database/Console/Seeds/SeedCommand.php(65): Illuminate\\Database\\Eloquent\\Model::unguarded(Object(Closure))
#27 /Users/malcolm/Documents/work/clientes/svcbmf/backend-api-svcbmf/vendor/laravel/framework/src/Illuminate/Container/BoundMethod.php(36): Illuminate\\Database\\Console\\Seeds\\SeedCommand->handle()
#28 /Users/malcolm/Documents/work/clientes/svcbmf/backend-api-svcbmf/vendor/laravel/framework/src/Illuminate/Container/Util.php(40): Illuminate\\Container\\BoundMethod::{closure:Illuminate\\Container\\BoundMethod::call():35}()
#29 /Users/malcolm/Documents/work/clientes/svcbmf/backend-api-svcbmf/vendor/laravel/framework/src/Illuminate/Container/BoundMethod.php(93): Illuminate\\Container\\Util::unwrapIfClosure(Object(Closure))
#30 /Users/malcolm/Documents/work/clientes/svcbmf/backend-api-svcbmf/vendor/laravel/framework/src/Illuminate/Container/BoundMethod.php(35): Illuminate\\Container\\BoundMethod::callBoundMethod(Object(Illuminate\\Foundation\\Application), Array, Object(Closure))
#31 /Users/malcolm/Documents/work/clientes/svcbmf/backend-api-svcbmf/vendor/laravel/framework/src/Illuminate/Container/Container.php(653): Illuminate\\Container\\BoundMethod::call(Object(Illuminate\\Foundation\\Application), Array, Array, NULL)
#32 /Users/malcolm/Documents/work/clientes/svcbmf/backend-api-svcbmf/vendor/laravel/framework/src/Illuminate/Console/Command.php(136): Illuminate\\Container\\Container->call(Array)
#33 /Users/malcolm/Documents/work/clientes/svcbmf/backend-api-svcbmf/vendor/symfony/console/Command/Command.php(298): Illuminate\\Console\\Command->execute(Object(Symfony\\Component\\Console\\Input\\ArgvInput), Object(Illuminate\\Console\\OutputStyle))
#34 /Users/malcolm/Documents/work/clientes/svcbmf/backend-api-svcbmf/vendor/laravel/framework/src/Illuminate/Console/Command.php(120): Symfony\\Component\\Console\\Command\\Command->run(Object(Symfony\\Component\\Console\\Input\\ArgvInput), Object(Illuminate\\Console\\OutputStyle))
#35 /Users/malcolm/Documents/work/clientes/svcbmf/backend-api-svcbmf/vendor/symfony/console/Application.php(1040): Illuminate\\Console\\Command->run(Object(Symfony\\Component\\Console\\Input\\ArgvInput), Object(Symfony\\Component\\Console\\Output\\ConsoleOutput))
#36 /Users/malcolm/Documents/work/clientes/svcbmf/backend-api-svcbmf/vendor/symfony/console/Application.php(301): Symfony\\Component\\Console\\Application->doRunCommand(Object(Illuminate\\Database\\Console\\Seeds\\SeedCommand), Object(Symfony\\Component\\Console\\Input\\ArgvInput), Object(Symfony\\Component\\Console\\Output\\ConsoleOutput))
#37 /Users/malcolm/Documents/work/clientes/svcbmf/backend-api-svcbmf/vendor/symfony/console/Application.php(171): Symfony\\Component\\Console\\Application->doRun(Object(Symfony\\Component\\Console\\Input\\ArgvInput), Object(Symfony\\Component\\Console\\Output\\ConsoleOutput))
#38 /Users/malcolm/Documents/work/clientes/svcbmf/backend-api-svcbmf/vendor/laravel/framework/src/Illuminate/Console/Application.php(94): Symfony\\Component\\Console\\Application->run(Object(Symfony\\Component\\Console\\Input\\ArgvInput), Object(Symfony\\Component\\Console\\Output\\ConsoleOutput))
#39 /Users/malcolm/Documents/work/clientes/svcbmf/backend-api-svcbmf/vendor/laravel/framework/src/Illuminate/Foundation/Console/Kernel.php(129): Illuminate\\Console\\Application->run(Object(Symfony\\Component\\Console\\Input\\ArgvInput), Object(Symfony\\Component\\Console\\Output\\ConsoleOutput))
#40 /Users/malcolm/Documents/work/clientes/svcbmf/backend-api-svcbmf/artisan(35): Illuminate\\Foundation\\Console\\Kernel->handle(Object(Symfony\\Component\\Console\\Input\\ArgvInput), Object(Symfony\\Component\\Console\\Output\\ConsoleOutput))
#41 {main}
"} 
[2025-05-22 20:21:35] local.ERROR: SQLSTATE[42S22]: Column not found: 1054 Unknown column 'rolename' in 'field list' (SQL: insert into `users` (`rolename`, `name`, `email`, `password`, `email_verified_at`, `created_at`, `updated_at`) values (SUPERADMIN, superadministrador, superadmin@superadmin.com, $2y$10$YKC/U8NI6HEQB4gKu7Gwq.PR5ChhWwHy/X17V5UUx/Aa/bhWz7Ufq, 2025-05-23 00:21:34, 2025-05-22 20:21:35, 2025-05-22 20:21:35)) {"exception":"[object] (Illuminate\\Database\\QueryException(code: 42S22): SQLSTATE[42S22]: Column not found: 1054 Unknown column 'rolename' in 'field list' (SQL: insert into `users` (`rolename`, `name`, `email`, `password`, `email_verified_at`, `created_at`, `updated_at`) values (SUPERADMIN, superadministrador, superadmin@superadmin.com, $2y$10$YKC/U8NI6HEQB4gKu7Gwq.PR5ChhWwHy/X17V5UUx/Aa/bhWz7Ufq, 2025-05-23 00:21:34, 2025-05-22 20:21:35, 2025-05-22 20:21:35)) at /Users/malcolm/Documents/work/clientes/svcbmf/backend-api-svcbmf/vendor/laravel/framework/src/Illuminate/Database/Connection.php:712)
[stacktrace]
#0 /Users/malcolm/Documents/work/clientes/svcbmf/backend-api-svcbmf/vendor/laravel/framework/src/Illuminate/Database/Connection.php(672): Illuminate\\Database\\Connection->runQueryCallback('insert into `us...', Array, Object(Closure))
#1 /Users/malcolm/Documents/work/clientes/svcbmf/backend-api-svcbmf/vendor/laravel/framework/src/Illuminate/Database/Connection.php(490): Illuminate\\Database\\Connection->run('insert into `us...', Array, Object(Closure))
#2 /Users/malcolm/Documents/work/clientes/svcbmf/backend-api-svcbmf/vendor/laravel/framework/src/Illuminate/Database/Connection.php(454): Illuminate\\Database\\Connection->statement('insert into `us...', Array)
#3 /Users/malcolm/Documents/work/clientes/svcbmf/backend-api-svcbmf/vendor/laravel/framework/src/Illuminate/Database/Query/Processors/Processor.php(32): Illuminate\\Database\\Connection->insert('insert into `us...', Array)
#4 /Users/malcolm/Documents/work/clientes/svcbmf/backend-api-svcbmf/vendor/laravel/framework/src/Illuminate/Database/Query/Builder.php(3028): Illuminate\\Database\\Query\\Processors\\Processor->processInsertGetId(Object(Illuminate\\Database\\Query\\Builder), 'insert into `us...', Array, 'id')
#5 /Users/malcolm/Documents/work/clientes/svcbmf/backend-api-svcbmf/vendor/laravel/framework/src/Illuminate/Database/Eloquent/Builder.php(1657): Illuminate\\Database\\Query\\Builder->insertGetId(Array, 'id')
#6 /Users/malcolm/Documents/work/clientes/svcbmf/backend-api-svcbmf/vendor/laravel/framework/src/Illuminate/Database/Eloquent/Model.php(1188): Illuminate\\Database\\Eloquent\\Builder->__call('insertGetId', Array)
#7 /Users/malcolm/Documents/work/clientes/svcbmf/backend-api-svcbmf/vendor/laravel/framework/src/Illuminate/Database/Eloquent/Model.php(1153): Illuminate\\Database\\Eloquent\\Model->insertAndSetId(Object(Illuminate\\Database\\Eloquent\\Builder), Array)
#8 /Users/malcolm/Documents/work/clientes/svcbmf/backend-api-svcbmf/vendor/laravel/framework/src/Illuminate/Database/Eloquent/Model.php(994): Illuminate\\Database\\Eloquent\\Model->performInsert(Object(Illuminate\\Database\\Eloquent\\Builder))
#9 /Users/malcolm/Documents/work/clientes/svcbmf/backend-api-svcbmf/vendor/laravel/framework/src/Illuminate/Database/Eloquent/Builder.php(896): Illuminate\\Database\\Eloquent\\Model->save()
#10 /Users/malcolm/Documents/work/clientes/svcbmf/backend-api-svcbmf/vendor/laravel/framework/src/Illuminate/Support/helpers.php(263): Illuminate\\Database\\Eloquent\\Builder->{closure:Illuminate\\Database\\Eloquent\\Builder::create():895}(Object(App\\Models\\User))
#11 /Users/malcolm/Documents/work/clientes/svcbmf/backend-api-svcbmf/vendor/laravel/framework/src/Illuminate/Database/Eloquent/Builder.php(895): tap(Object(App\\Models\\User), Object(Closure))
#12 /Users/malcolm/Documents/work/clientes/svcbmf/backend-api-svcbmf/vendor/laravel/framework/src/Illuminate/Support/Traits/ForwardsCalls.php(23): Illuminate\\Database\\Eloquent\\Builder->create(Array)
#13 /Users/malcolm/Documents/work/clientes/svcbmf/backend-api-svcbmf/vendor/laravel/framework/src/Illuminate/Database/Eloquent/Model.php(2132): Illuminate\\Database\\Eloquent\\Model->forwardCallTo(Object(Illuminate\\Database\\Eloquent\\Builder), 'create', Array)
#14 /Users/malcolm/Documents/work/clientes/svcbmf/backend-api-svcbmf/vendor/laravel/framework/src/Illuminate/Database/Eloquent/Model.php(2144): Illuminate\\Database\\Eloquent\\Model->__call('create', Array)
#15 /Users/malcolm/Documents/work/clientes/svcbmf/backend-api-svcbmf/database/seeders/UserSeeder.php(63): Illuminate\\Database\\Eloquent\\Model::__callStatic('create', Array)
#16 /Users/malcolm/Documents/work/clientes/svcbmf/backend-api-svcbmf/vendor/laravel/framework/src/Illuminate/Container/BoundMethod.php(36): Database\\Seeders\\UserSeeder->run()
#17 /Users/malcolm/Documents/work/clientes/svcbmf/backend-api-svcbmf/vendor/laravel/framework/src/Illuminate/Container/Util.php(40): Illuminate\\Container\\BoundMethod::{closure:Illuminate\\Container\\BoundMethod::call():35}()
#18 /Users/malcolm/Documents/work/clientes/svcbmf/backend-api-svcbmf/vendor/laravel/framework/src/Illuminate/Container/BoundMethod.php(93): Illuminate\\Container\\Util::unwrapIfClosure(Object(Closure))
#19 /Users/malcolm/Documents/work/clientes/svcbmf/backend-api-svcbmf/vendor/laravel/framework/src/Illuminate/Container/BoundMethod.php(35): Illuminate\\Container\\BoundMethod::callBoundMethod(Object(Illuminate\\Foundation\\Application), Array, Object(Closure))
#20 /Users/malcolm/Documents/work/clientes/svcbmf/backend-api-svcbmf/vendor/laravel/framework/src/Illuminate/Container/Container.php(653): Illuminate\\Container\\BoundMethod::call(Object(Illuminate\\Foundation\\Application), Array, Array, NULL)
#21 /Users/malcolm/Documents/work/clientes/svcbmf/backend-api-svcbmf/vendor/laravel/framework/src/Illuminate/Database/Seeder.php(149): Illuminate\\Container\\Container->call(Array, Array)
#22 /Users/malcolm/Documents/work/clientes/svcbmf/backend-api-svcbmf/vendor/laravel/framework/src/Illuminate/Database/Console/Seeds/SeedCommand.php(66): Illuminate\\Database\\Seeder->__invoke()
#23 /Users/malcolm/Documents/work/clientes/svcbmf/backend-api-svcbmf/vendor/laravel/framework/src/Illuminate/Database/Eloquent/Concerns/GuardsAttributes.php(157): Illuminate\\Database\\Console\\Seeds\\SeedCommand->{closure:Illuminate\\Database\\Console\\Seeds\\SeedCommand::handle():65}()
#24 /Users/malcolm/Documents/work/clientes/svcbmf/backend-api-svcbmf/vendor/laravel/framework/src/Illuminate/Database/Console/Seeds/SeedCommand.php(65): Illuminate\\Database\\Eloquent\\Model::unguarded(Object(Closure))
#25 /Users/malcolm/Documents/work/clientes/svcbmf/backend-api-svcbmf/vendor/laravel/framework/src/Illuminate/Container/BoundMethod.php(36): Illuminate\\Database\\Console\\Seeds\\SeedCommand->handle()
#26 /Users/malcolm/Documents/work/clientes/svcbmf/backend-api-svcbmf/vendor/laravel/framework/src/Illuminate/Container/Util.php(40): Illuminate\\Container\\BoundMethod::{closure:Illuminate\\Container\\BoundMethod::call():35}()
#27 /Users/malcolm/Documents/work/clientes/svcbmf/backend-api-svcbmf/vendor/laravel/framework/src/Illuminate/Container/BoundMethod.php(93): Illuminate\\Container\\Util::unwrapIfClosure(Object(Closure))
#28 /Users/malcolm/Documents/work/clientes/svcbmf/backend-api-svcbmf/vendor/laravel/framework/src/Illuminate/Container/BoundMethod.php(35): Illuminate\\Container\\BoundMethod::callBoundMethod(Object(Illuminate\\Foundation\\Application), Array, Object(Closure))
#29 /Users/malcolm/Documents/work/clientes/svcbmf/backend-api-svcbmf/vendor/laravel/framework/src/Illuminate/Container/Container.php(653): Illuminate\\Container\\BoundMethod::call(Object(Illuminate\\Foundation\\Application), Array, Array, NULL)
#30 /Users/malcolm/Documents/work/clientes/svcbmf/backend-api-svcbmf/vendor/laravel/framework/src/Illuminate/Console/Command.php(136): Illuminate\\Container\\Container->call(Array)
#31 /Users/malcolm/Documents/work/clientes/svcbmf/backend-api-svcbmf/vendor/symfony/console/Command/Command.php(298): Illuminate\\Console\\Command->execute(Object(Symfony\\Component\\Console\\Input\\ArgvInput), Object(Illuminate\\Console\\OutputStyle))
#32 /Users/malcolm/Documents/work/clientes/svcbmf/backend-api-svcbmf/vendor/laravel/framework/src/Illuminate/Console/Command.php(120): Symfony\\Component\\Console\\Command\\Command->run(Object(Symfony\\Component\\Console\\Input\\ArgvInput), Object(Illuminate\\Console\\OutputStyle))
#33 /Users/malcolm/Documents/work/clientes/svcbmf/backend-api-svcbmf/vendor/symfony/console/Application.php(1040): Illuminate\\Console\\Command->run(Object(Symfony\\Component\\Console\\Input\\ArgvInput), Object(Symfony\\Component\\Console\\Output\\ConsoleOutput))
#34 /Users/malcolm/Documents/work/clientes/svcbmf/backend-api-svcbmf/vendor/symfony/console/Application.php(301): Symfony\\Component\\Console\\Application->doRunCommand(Object(Illuminate\\Database\\Console\\Seeds\\SeedCommand), Object(Symfony\\Component\\Console\\Input\\ArgvInput), Object(Symfony\\Component\\Console\\Output\\ConsoleOutput))
#35 /Users/malcolm/Documents/work/clientes/svcbmf/backend-api-svcbmf/vendor/symfony/console/Application.php(171): Symfony\\Component\\Console\\Application->doRun(Object(Symfony\\Component\\Console\\Input\\ArgvInput), Object(Symfony\\Component\\Console\\Output\\ConsoleOutput))
#36 /Users/malcolm/Documents/work/clientes/svcbmf/backend-api-svcbmf/vendor/laravel/framework/src/Illuminate/Console/Application.php(94): Symfony\\Component\\Console\\Application->run(Object(Symfony\\Component\\Console\\Input\\ArgvInput), Object(Symfony\\Component\\Console\\Output\\ConsoleOutput))
#37 /Users/malcolm/Documents/work/clientes/svcbmf/backend-api-svcbmf/vendor/laravel/framework/src/Illuminate/Foundation/Console/Kernel.php(129): Illuminate\\Console\\Application->run(Object(Symfony\\Component\\Console\\Input\\ArgvInput), Object(Symfony\\Component\\Console\\Output\\ConsoleOutput))
#38 /Users/malcolm/Documents/work/clientes/svcbmf/backend-api-svcbmf/artisan(35): Illuminate\\Foundation\\Console\\Kernel->handle(Object(Symfony\\Component\\Console\\Input\\ArgvInput), Object(Symfony\\Component\\Console\\Output\\ConsoleOutput))
#39 {main}

[previous exception] [object] (PDOException(code: 42S22): SQLSTATE[42S22]: Column not found: 1054 Unknown column 'rolename' in 'field list' at /Users/malcolm/Documents/work/clientes/svcbmf/backend-api-svcbmf/vendor/laravel/framework/src/Illuminate/Database/Connection.php:495)
[stacktrace]
#0 /Users/malcolm/Documents/work/clientes/svcbmf/backend-api-svcbmf/vendor/laravel/framework/src/Illuminate/Database/Connection.php(495): PDO->prepare('insert into `us...')
#1 /Users/malcolm/Documents/work/clientes/svcbmf/backend-api-svcbmf/vendor/laravel/framework/src/Illuminate/Database/Connection.php(705): Illuminate\\Database\\Connection->{closure:Illuminate\\Database\\Connection::statement():490}('insert into `us...', Array)
#2 /Users/malcolm/Documents/work/clientes/svcbmf/backend-api-svcbmf/vendor/laravel/framework/src/Illuminate/Database/Connection.php(672): Illuminate\\Database\\Connection->runQueryCallback('insert into `us...', Array, Object(Closure))
#3 /Users/malcolm/Documents/work/clientes/svcbmf/backend-api-svcbmf/vendor/laravel/framework/src/Illuminate/Database/Connection.php(490): Illuminate\\Database\\Connection->run('insert into `us...', Array, Object(Closure))
#4 /Users/malcolm/Documents/work/clientes/svcbmf/backend-api-svcbmf/vendor/laravel/framework/src/Illuminate/Database/Connection.php(454): Illuminate\\Database\\Connection->statement('insert into `us...', Array)
#5 /Users/malcolm/Documents/work/clientes/svcbmf/backend-api-svcbmf/vendor/laravel/framework/src/Illuminate/Database/Query/Processors/Processor.php(32): Illuminate\\Database\\Connection->insert('insert into `us...', Array)
#6 /Users/malcolm/Documents/work/clientes/svcbmf/backend-api-svcbmf/vendor/laravel/framework/src/Illuminate/Database/Query/Builder.php(3028): Illuminate\\Database\\Query\\Processors\\Processor->processInsertGetId(Object(Illuminate\\Database\\Query\\Builder), 'insert into `us...', Array, 'id')
#7 /Users/malcolm/Documents/work/clientes/svcbmf/backend-api-svcbmf/vendor/laravel/framework/src/Illuminate/Database/Eloquent/Builder.php(1657): Illuminate\\Database\\Query\\Builder->insertGetId(Array, 'id')
#8 /Users/malcolm/Documents/work/clientes/svcbmf/backend-api-svcbmf/vendor/laravel/framework/src/Illuminate/Database/Eloquent/Model.php(1188): Illuminate\\Database\\Eloquent\\Builder->__call('insertGetId', Array)
#9 /Users/malcolm/Documents/work/clientes/svcbmf/backend-api-svcbmf/vendor/laravel/framework/src/Illuminate/Database/Eloquent/Model.php(1153): Illuminate\\Database\\Eloquent\\Model->insertAndSetId(Object(Illuminate\\Database\\Eloquent\\Builder), Array)
#10 /Users/malcolm/Documents/work/clientes/svcbmf/backend-api-svcbmf/vendor/laravel/framework/src/Illuminate/Database/Eloquent/Model.php(994): Illuminate\\Database\\Eloquent\\Model->performInsert(Object(Illuminate\\Database\\Eloquent\\Builder))
#11 /Users/malcolm/Documents/work/clientes/svcbmf/backend-api-svcbmf/vendor/laravel/framework/src/Illuminate/Database/Eloquent/Builder.php(896): Illuminate\\Database\\Eloquent\\Model->save()
#12 /Users/malcolm/Documents/work/clientes/svcbmf/backend-api-svcbmf/vendor/laravel/framework/src/Illuminate/Support/helpers.php(263): Illuminate\\Database\\Eloquent\\Builder->{closure:Illuminate\\Database\\Eloquent\\Builder::create():895}(Object(App\\Models\\User))
#13 /Users/malcolm/Documents/work/clientes/svcbmf/backend-api-svcbmf/vendor/laravel/framework/src/Illuminate/Database/Eloquent/Builder.php(895): tap(Object(App\\Models\\User), Object(Closure))
#14 /Users/malcolm/Documents/work/clientes/svcbmf/backend-api-svcbmf/vendor/laravel/framework/src/Illuminate/Support/Traits/ForwardsCalls.php(23): Illuminate\\Database\\Eloquent\\Builder->create(Array)
#15 /Users/malcolm/Documents/work/clientes/svcbmf/backend-api-svcbmf/vendor/laravel/framework/src/Illuminate/Database/Eloquent/Model.php(2132): Illuminate\\Database\\Eloquent\\Model->forwardCallTo(Object(Illuminate\\Database\\Eloquent\\Builder), 'create', Array)
#16 /Users/malcolm/Documents/work/clientes/svcbmf/backend-api-svcbmf/vendor/laravel/framework/src/Illuminate/Database/Eloquent/Model.php(2144): Illuminate\\Database\\Eloquent\\Model->__call('create', Array)
#17 /Users/malcolm/Documents/work/clientes/svcbmf/backend-api-svcbmf/database/seeders/UserSeeder.php(63): Illuminate\\Database\\Eloquent\\Model::__callStatic('create', Array)
#18 /Users/malcolm/Documents/work/clientes/svcbmf/backend-api-svcbmf/vendor/laravel/framework/src/Illuminate/Container/BoundMethod.php(36): Database\\Seeders\\UserSeeder->run()
#19 /Users/malcolm/Documents/work/clientes/svcbmf/backend-api-svcbmf/vendor/laravel/framework/src/Illuminate/Container/Util.php(40): Illuminate\\Container\\BoundMethod::{closure:Illuminate\\Container\\BoundMethod::call():35}()
#20 /Users/malcolm/Documents/work/clientes/svcbmf/backend-api-svcbmf/vendor/laravel/framework/src/Illuminate/Container/BoundMethod.php(93): Illuminate\\Container\\Util::unwrapIfClosure(Object(Closure))
#21 /Users/malcolm/Documents/work/clientes/svcbmf/backend-api-svcbmf/vendor/laravel/framework/src/Illuminate/Container/BoundMethod.php(35): Illuminate\\Container\\BoundMethod::callBoundMethod(Object(Illuminate\\Foundation\\Application), Array, Object(Closure))
#22 /Users/malcolm/Documents/work/clientes/svcbmf/backend-api-svcbmf/vendor/laravel/framework/src/Illuminate/Container/Container.php(653): Illuminate\\Container\\BoundMethod::call(Object(Illuminate\\Foundation\\Application), Array, Array, NULL)
#23 /Users/malcolm/Documents/work/clientes/svcbmf/backend-api-svcbmf/vendor/laravel/framework/src/Illuminate/Database/Seeder.php(149): Illuminate\\Container\\Container->call(Array, Array)
#24 /Users/malcolm/Documents/work/clientes/svcbmf/backend-api-svcbmf/vendor/laravel/framework/src/Illuminate/Database/Console/Seeds/SeedCommand.php(66): Illuminate\\Database\\Seeder->__invoke()
#25 /Users/malcolm/Documents/work/clientes/svcbmf/backend-api-svcbmf/vendor/laravel/framework/src/Illuminate/Database/Eloquent/Concerns/GuardsAttributes.php(157): Illuminate\\Database\\Console\\Seeds\\SeedCommand->{closure:Illuminate\\Database\\Console\\Seeds\\SeedCommand::handle():65}()
#26 /Users/malcolm/Documents/work/clientes/svcbmf/backend-api-svcbmf/vendor/laravel/framework/src/Illuminate/Database/Console/Seeds/SeedCommand.php(65): Illuminate\\Database\\Eloquent\\Model::unguarded(Object(Closure))
#27 /Users/malcolm/Documents/work/clientes/svcbmf/backend-api-svcbmf/vendor/laravel/framework/src/Illuminate/Container/BoundMethod.php(36): Illuminate\\Database\\Console\\Seeds\\SeedCommand->handle()
#28 /Users/malcolm/Documents/work/clientes/svcbmf/backend-api-svcbmf/vendor/laravel/framework/src/Illuminate/Container/Util.php(40): Illuminate\\Container\\BoundMethod::{closure:Illuminate\\Container\\BoundMethod::call():35}()
#29 /Users/malcolm/Documents/work/clientes/svcbmf/backend-api-svcbmf/vendor/laravel/framework/src/Illuminate/Container/BoundMethod.php(93): Illuminate\\Container\\Util::unwrapIfClosure(Object(Closure))
#30 /Users/malcolm/Documents/work/clientes/svcbmf/backend-api-svcbmf/vendor/laravel/framework/src/Illuminate/Container/BoundMethod.php(35): Illuminate\\Container\\BoundMethod::callBoundMethod(Object(Illuminate\\Foundation\\Application), Array, Object(Closure))
#31 /Users/malcolm/Documents/work/clientes/svcbmf/backend-api-svcbmf/vendor/laravel/framework/src/Illuminate/Container/Container.php(653): Illuminate\\Container\\BoundMethod::call(Object(Illuminate\\Foundation\\Application), Array, Array, NULL)
#32 /Users/malcolm/Documents/work/clientes/svcbmf/backend-api-svcbmf/vendor/laravel/framework/src/Illuminate/Console/Command.php(136): Illuminate\\Container\\Container->call(Array)
#33 /Users/malcolm/Documents/work/clientes/svcbmf/backend-api-svcbmf/vendor/symfony/console/Command/Command.php(298): Illuminate\\Console\\Command->execute(Object(Symfony\\Component\\Console\\Input\\ArgvInput), Object(Illuminate\\Console\\OutputStyle))
#34 /Users/malcolm/Documents/work/clientes/svcbmf/backend-api-svcbmf/vendor/laravel/framework/src/Illuminate/Console/Command.php(120): Symfony\\Component\\Console\\Command\\Command->run(Object(Symfony\\Component\\Console\\Input\\ArgvInput), Object(Illuminate\\Console\\OutputStyle))
#35 /Users/malcolm/Documents/work/clientes/svcbmf/backend-api-svcbmf/vendor/symfony/console/Application.php(1040): Illuminate\\Console\\Command->run(Object(Symfony\\Component\\Console\\Input\\ArgvInput), Object(Symfony\\Component\\Console\\Output\\ConsoleOutput))
#36 /Users/malcolm/Documents/work/clientes/svcbmf/backend-api-svcbmf/vendor/symfony/console/Application.php(301): Symfony\\Component\\Console\\Application->doRunCommand(Object(Illuminate\\Database\\Console\\Seeds\\SeedCommand), Object(Symfony\\Component\\Console\\Input\\ArgvInput), Object(Symfony\\Component\\Console\\Output\\ConsoleOutput))
#37 /Users/malcolm/Documents/work/clientes/svcbmf/backend-api-svcbmf/vendor/symfony/console/Application.php(171): Symfony\\Component\\Console\\Application->doRun(Object(Symfony\\Component\\Console\\Input\\ArgvInput), Object(Symfony\\Component\\Console\\Output\\ConsoleOutput))
#38 /Users/malcolm/Documents/work/clientes/svcbmf/backend-api-svcbmf/vendor/laravel/framework/src/Illuminate/Console/Application.php(94): Symfony\\Component\\Console\\Application->run(Object(Symfony\\Component\\Console\\Input\\ArgvInput), Object(Symfony\\Component\\Console\\Output\\ConsoleOutput))
#39 /Users/malcolm/Documents/work/clientes/svcbmf/backend-api-svcbmf/vendor/laravel/framework/src/Illuminate/Foundation/Console/Kernel.php(129): Illuminate\\Console\\Application->run(Object(Symfony\\Component\\Console\\Input\\ArgvInput), Object(Symfony\\Component\\Console\\Output\\ConsoleOutput))
#40 /Users/malcolm/Documents/work/clientes/svcbmf/backend-api-svcbmf/artisan(35): Illuminate\\Foundation\\Console\\Kernel->handle(Object(Symfony\\Component\\Console\\Input\\ArgvInput), Object(Symfony\\Component\\Console\\Output\\ConsoleOutput))
#41 {main}
"} 
[2025-05-22 20:23:14] local.ERROR: Array to string conversion {"exception":"[object] (ErrorException(code: 0): Array to string conversion at /Users/malcolm/Documents/work/clientes/svcbmf/backend-api-svcbmf/vendor/laravel/framework/src/Illuminate/Support/Str.php:617)
[stacktrace]
#0 /Users/malcolm/Documents/work/clientes/svcbmf/backend-api-svcbmf/vendor/laravel/framework/src/Illuminate/Support/Str.php(617): Illuminate\\Foundation\\Bootstrap\\HandleExceptions->handleError(2, 'Array to string...', '/Users/malcolm/...', 617)
#1 /Users/malcolm/Documents/work/clientes/svcbmf/backend-api-svcbmf/vendor/laravel/framework/src/Illuminate/Database/QueryException.php(57): Illuminate\\Support\\Str::replaceArray('?', Array, 'insert into `us...')
#2 /Users/malcolm/Documents/work/clientes/svcbmf/backend-api-svcbmf/vendor/laravel/framework/src/Illuminate/Database/QueryException.php(40): Illuminate\\Database\\QueryException->formatMessage('insert into `us...', Array, Object(PDOException))
#3 /Users/malcolm/Documents/work/clientes/svcbmf/backend-api-svcbmf/vendor/laravel/framework/src/Illuminate/Database/Connection.php(712): Illuminate\\Database\\QueryException->__construct('insert into `us...', Array, Object(PDOException))
#4 /Users/malcolm/Documents/work/clientes/svcbmf/backend-api-svcbmf/vendor/laravel/framework/src/Illuminate/Database/Connection.php(672): Illuminate\\Database\\Connection->runQueryCallback('insert into `us...', Array, Object(Closure))
#5 /Users/malcolm/Documents/work/clientes/svcbmf/backend-api-svcbmf/vendor/laravel/framework/src/Illuminate/Database/Connection.php(490): Illuminate\\Database\\Connection->run('insert into `us...', Array, Object(Closure))
#6 /Users/malcolm/Documents/work/clientes/svcbmf/backend-api-svcbmf/vendor/laravel/framework/src/Illuminate/Database/Connection.php(454): Illuminate\\Database\\Connection->statement('insert into `us...', Array)
#7 /Users/malcolm/Documents/work/clientes/svcbmf/backend-api-svcbmf/vendor/laravel/framework/src/Illuminate/Database/Query/Processors/Processor.php(32): Illuminate\\Database\\Connection->insert('insert into `us...', Array)
#8 /Users/malcolm/Documents/work/clientes/svcbmf/backend-api-svcbmf/vendor/laravel/framework/src/Illuminate/Database/Query/Builder.php(3028): Illuminate\\Database\\Query\\Processors\\Processor->processInsertGetId(Object(Illuminate\\Database\\Query\\Builder), 'insert into `us...', Array, 'id')
#9 /Users/malcolm/Documents/work/clientes/svcbmf/backend-api-svcbmf/vendor/laravel/framework/src/Illuminate/Database/Eloquent/Builder.php(1657): Illuminate\\Database\\Query\\Builder->insertGetId(Array, 'id')
#10 /Users/malcolm/Documents/work/clientes/svcbmf/backend-api-svcbmf/vendor/laravel/framework/src/Illuminate/Database/Eloquent/Model.php(1188): Illuminate\\Database\\Eloquent\\Builder->__call('insertGetId', Array)
#11 /Users/malcolm/Documents/work/clientes/svcbmf/backend-api-svcbmf/vendor/laravel/framework/src/Illuminate/Database/Eloquent/Model.php(1153): Illuminate\\Database\\Eloquent\\Model->insertAndSetId(Object(Illuminate\\Database\\Eloquent\\Builder), Array)
#12 /Users/malcolm/Documents/work/clientes/svcbmf/backend-api-svcbmf/vendor/laravel/framework/src/Illuminate/Database/Eloquent/Model.php(994): Illuminate\\Database\\Eloquent\\Model->performInsert(Object(Illuminate\\Database\\Eloquent\\Builder))
#13 /Users/malcolm/Documents/work/clientes/svcbmf/backend-api-svcbmf/vendor/laravel/framework/src/Illuminate/Database/Eloquent/Builder.php(896): Illuminate\\Database\\Eloquent\\Model->save()
#14 /Users/malcolm/Documents/work/clientes/svcbmf/backend-api-svcbmf/vendor/laravel/framework/src/Illuminate/Support/helpers.php(263): Illuminate\\Database\\Eloquent\\Builder->{closure:Illuminate\\Database\\Eloquent\\Builder::create():895}(Object(App\\Models\\User))
#15 /Users/malcolm/Documents/work/clientes/svcbmf/backend-api-svcbmf/vendor/laravel/framework/src/Illuminate/Database/Eloquent/Builder.php(895): tap(Object(App\\Models\\User), Object(Closure))
#16 /Users/malcolm/Documents/work/clientes/svcbmf/backend-api-svcbmf/vendor/laravel/framework/src/Illuminate/Support/Traits/ForwardsCalls.php(23): Illuminate\\Database\\Eloquent\\Builder->create(Array)
#17 /Users/malcolm/Documents/work/clientes/svcbmf/backend-api-svcbmf/vendor/laravel/framework/src/Illuminate/Database/Eloquent/Model.php(2132): Illuminate\\Database\\Eloquent\\Model->forwardCallTo(Object(Illuminate\\Database\\Eloquent\\Builder), 'create', Array)
#18 /Users/malcolm/Documents/work/clientes/svcbmf/backend-api-svcbmf/vendor/laravel/framework/src/Illuminate/Database/Eloquent/Model.php(2144): Illuminate\\Database\\Eloquent\\Model->__call('create', Array)
#19 /Users/malcolm/Documents/work/clientes/svcbmf/backend-api-svcbmf/database/seeders/UserSeeder.php(114): Illuminate\\Database\\Eloquent\\Model::__callStatic('create', Array)
#20 /Users/malcolm/Documents/work/clientes/svcbmf/backend-api-svcbmf/vendor/laravel/framework/src/Illuminate/Container/BoundMethod.php(36): Database\\Seeders\\UserSeeder->run()
#21 /Users/malcolm/Documents/work/clientes/svcbmf/backend-api-svcbmf/vendor/laravel/framework/src/Illuminate/Container/Util.php(40): Illuminate\\Container\\BoundMethod::{closure:Illuminate\\Container\\BoundMethod::call():35}()
#22 /Users/malcolm/Documents/work/clientes/svcbmf/backend-api-svcbmf/vendor/laravel/framework/src/Illuminate/Container/BoundMethod.php(93): Illuminate\\Container\\Util::unwrapIfClosure(Object(Closure))
#23 /Users/malcolm/Documents/work/clientes/svcbmf/backend-api-svcbmf/vendor/laravel/framework/src/Illuminate/Container/BoundMethod.php(35): Illuminate\\Container\\BoundMethod::callBoundMethod(Object(Illuminate\\Foundation\\Application), Array, Object(Closure))
#24 /Users/malcolm/Documents/work/clientes/svcbmf/backend-api-svcbmf/vendor/laravel/framework/src/Illuminate/Container/Container.php(653): Illuminate\\Container\\BoundMethod::call(Object(Illuminate\\Foundation\\Application), Array, Array, NULL)
#25 /Users/malcolm/Documents/work/clientes/svcbmf/backend-api-svcbmf/vendor/laravel/framework/src/Illuminate/Database/Seeder.php(149): Illuminate\\Container\\Container->call(Array, Array)
#26 /Users/malcolm/Documents/work/clientes/svcbmf/backend-api-svcbmf/vendor/laravel/framework/src/Illuminate/Database/Console/Seeds/SeedCommand.php(66): Illuminate\\Database\\Seeder->__invoke()
#27 /Users/malcolm/Documents/work/clientes/svcbmf/backend-api-svcbmf/vendor/laravel/framework/src/Illuminate/Database/Eloquent/Concerns/GuardsAttributes.php(157): Illuminate\\Database\\Console\\Seeds\\SeedCommand->{closure:Illuminate\\Database\\Console\\Seeds\\SeedCommand::handle():65}()
#28 /Users/malcolm/Documents/work/clientes/svcbmf/backend-api-svcbmf/vendor/laravel/framework/src/Illuminate/Database/Console/Seeds/SeedCommand.php(65): Illuminate\\Database\\Eloquent\\Model::unguarded(Object(Closure))
#29 /Users/malcolm/Documents/work/clientes/svcbmf/backend-api-svcbmf/vendor/laravel/framework/src/Illuminate/Container/BoundMethod.php(36): Illuminate\\Database\\Console\\Seeds\\SeedCommand->handle()
#30 /Users/malcolm/Documents/work/clientes/svcbmf/backend-api-svcbmf/vendor/laravel/framework/src/Illuminate/Container/Util.php(40): Illuminate\\Container\\BoundMethod::{closure:Illuminate\\Container\\BoundMethod::call():35}()
#31 /Users/malcolm/Documents/work/clientes/svcbmf/backend-api-svcbmf/vendor/laravel/framework/src/Illuminate/Container/BoundMethod.php(93): Illuminate\\Container\\Util::unwrapIfClosure(Object(Closure))
#32 /Users/malcolm/Documents/work/clientes/svcbmf/backend-api-svcbmf/vendor/laravel/framework/src/Illuminate/Container/BoundMethod.php(35): Illuminate\\Container\\BoundMethod::callBoundMethod(Object(Illuminate\\Foundation\\Application), Array, Object(Closure))
#33 /Users/malcolm/Documents/work/clientes/svcbmf/backend-api-svcbmf/vendor/laravel/framework/src/Illuminate/Container/Container.php(653): Illuminate\\Container\\BoundMethod::call(Object(Illuminate\\Foundation\\Application), Array, Array, NULL)
#34 /Users/malcolm/Documents/work/clientes/svcbmf/backend-api-svcbmf/vendor/laravel/framework/src/Illuminate/Console/Command.php(136): Illuminate\\Container\\Container->call(Array)
#35 /Users/malcolm/Documents/work/clientes/svcbmf/backend-api-svcbmf/vendor/symfony/console/Command/Command.php(298): Illuminate\\Console\\Command->execute(Object(Symfony\\Component\\Console\\Input\\ArgvInput), Object(Illuminate\\Console\\OutputStyle))
#36 /Users/malcolm/Documents/work/clientes/svcbmf/backend-api-svcbmf/vendor/laravel/framework/src/Illuminate/Console/Command.php(120): Symfony\\Component\\Console\\Command\\Command->run(Object(Symfony\\Component\\Console\\Input\\ArgvInput), Object(Illuminate\\Console\\OutputStyle))
#37 /Users/malcolm/Documents/work/clientes/svcbmf/backend-api-svcbmf/vendor/symfony/console/Application.php(1040): Illuminate\\Console\\Command->run(Object(Symfony\\Component\\Console\\Input\\ArgvInput), Object(Symfony\\Component\\Console\\Output\\ConsoleOutput))
#38 /Users/malcolm/Documents/work/clientes/svcbmf/backend-api-svcbmf/vendor/symfony/console/Application.php(301): Symfony\\Component\\Console\\Application->doRunCommand(Object(Illuminate\\Database\\Console\\Seeds\\SeedCommand), Object(Symfony\\Component\\Console\\Input\\ArgvInput), Object(Symfony\\Component\\Console\\Output\\ConsoleOutput))
#39 /Users/malcolm/Documents/work/clientes/svcbmf/backend-api-svcbmf/vendor/symfony/console/Application.php(171): Symfony\\Component\\Console\\Application->doRun(Object(Symfony\\Component\\Console\\Input\\ArgvInput), Object(Symfony\\Component\\Console\\Output\\ConsoleOutput))
#40 /Users/malcolm/Documents/work/clientes/svcbmf/backend-api-svcbmf/vendor/laravel/framework/src/Illuminate/Console/Application.php(94): Symfony\\Component\\Console\\Application->run(Object(Symfony\\Component\\Console\\Input\\ArgvInput), Object(Symfony\\Component\\Console\\Output\\ConsoleOutput))
#41 /Users/malcolm/Documents/work/clientes/svcbmf/backend-api-svcbmf/vendor/laravel/framework/src/Illuminate/Foundation/Console/Kernel.php(129): Illuminate\\Console\\Application->run(Object(Symfony\\Component\\Console\\Input\\ArgvInput), Object(Symfony\\Component\\Console\\Output\\ConsoleOutput))
#42 /Users/malcolm/Documents/work/clientes/svcbmf/backend-api-svcbmf/artisan(35): Illuminate\\Foundation\\Console\\Kernel->handle(Object(Symfony\\Component\\Console\\Input\\ArgvInput), Object(Symfony\\Component\\Console\\Output\\ConsoleOutput))
#43 {main}
"} 
[2025-05-22 20:24:20] local.ERROR: SQLSTATE[42S22]: Column not found: 1054 Unknown column 'location_id' in 'field list' (SQL: insert into `users` (`name`, `surname`, `email`, `gender`, `location_id`, `mobile`, `n_doc`, `password`, `email_verified_at`, `created_at`, `updated_at`) values (super, Johnson, superadmin@superadmin.com, 1, 1, 1234567893, 5421369874, $2y$10$WbiqdraNISR4Eww.JE0BvepmuTzSjqcVg4/b5ZA1AexKpiXH6jFSK, 2025-05-23 00:24:19, 2025-05-22 20:24:20, 2025-05-22 20:24:20)) {"exception":"[object] (Illuminate\\Database\\QueryException(code: 42S22): SQLSTATE[42S22]: Column not found: 1054 Unknown column 'location_id' in 'field list' (SQL: insert into `users` (`name`, `surname`, `email`, `gender`, `location_id`, `mobile`, `n_doc`, `password`, `email_verified_at`, `created_at`, `updated_at`) values (super, Johnson, superadmin@superadmin.com, 1, 1, 1234567893, 5421369874, $2y$10$WbiqdraNISR4Eww.JE0BvepmuTzSjqcVg4/b5ZA1AexKpiXH6jFSK, 2025-05-23 00:24:19, 2025-05-22 20:24:20, 2025-05-22 20:24:20)) at /Users/malcolm/Documents/work/clientes/svcbmf/backend-api-svcbmf/vendor/laravel/framework/src/Illuminate/Database/Connection.php:712)
[stacktrace]
#0 /Users/malcolm/Documents/work/clientes/svcbmf/backend-api-svcbmf/vendor/laravel/framework/src/Illuminate/Database/Connection.php(672): Illuminate\\Database\\Connection->runQueryCallback('insert into `us...', Array, Object(Closure))
#1 /Users/malcolm/Documents/work/clientes/svcbmf/backend-api-svcbmf/vendor/laravel/framework/src/Illuminate/Database/Connection.php(490): Illuminate\\Database\\Connection->run('insert into `us...', Array, Object(Closure))
#2 /Users/malcolm/Documents/work/clientes/svcbmf/backend-api-svcbmf/vendor/laravel/framework/src/Illuminate/Database/Connection.php(454): Illuminate\\Database\\Connection->statement('insert into `us...', Array)
#3 /Users/malcolm/Documents/work/clientes/svcbmf/backend-api-svcbmf/vendor/laravel/framework/src/Illuminate/Database/Query/Processors/Processor.php(32): Illuminate\\Database\\Connection->insert('insert into `us...', Array)
#4 /Users/malcolm/Documents/work/clientes/svcbmf/backend-api-svcbmf/vendor/laravel/framework/src/Illuminate/Database/Query/Builder.php(3028): Illuminate\\Database\\Query\\Processors\\Processor->processInsertGetId(Object(Illuminate\\Database\\Query\\Builder), 'insert into `us...', Array, 'id')
#5 /Users/malcolm/Documents/work/clientes/svcbmf/backend-api-svcbmf/vendor/laravel/framework/src/Illuminate/Database/Eloquent/Builder.php(1657): Illuminate\\Database\\Query\\Builder->insertGetId(Array, 'id')
#6 /Users/malcolm/Documents/work/clientes/svcbmf/backend-api-svcbmf/vendor/laravel/framework/src/Illuminate/Database/Eloquent/Model.php(1188): Illuminate\\Database\\Eloquent\\Builder->__call('insertGetId', Array)
#7 /Users/malcolm/Documents/work/clientes/svcbmf/backend-api-svcbmf/vendor/laravel/framework/src/Illuminate/Database/Eloquent/Model.php(1153): Illuminate\\Database\\Eloquent\\Model->insertAndSetId(Object(Illuminate\\Database\\Eloquent\\Builder), Array)
#8 /Users/malcolm/Documents/work/clientes/svcbmf/backend-api-svcbmf/vendor/laravel/framework/src/Illuminate/Database/Eloquent/Model.php(994): Illuminate\\Database\\Eloquent\\Model->performInsert(Object(Illuminate\\Database\\Eloquent\\Builder))
#9 /Users/malcolm/Documents/work/clientes/svcbmf/backend-api-svcbmf/vendor/laravel/framework/src/Illuminate/Database/Eloquent/Builder.php(896): Illuminate\\Database\\Eloquent\\Model->save()
#10 /Users/malcolm/Documents/work/clientes/svcbmf/backend-api-svcbmf/vendor/laravel/framework/src/Illuminate/Support/helpers.php(263): Illuminate\\Database\\Eloquent\\Builder->{closure:Illuminate\\Database\\Eloquent\\Builder::create():895}(Object(App\\Models\\User))
#11 /Users/malcolm/Documents/work/clientes/svcbmf/backend-api-svcbmf/vendor/laravel/framework/src/Illuminate/Database/Eloquent/Builder.php(895): tap(Object(App\\Models\\User), Object(Closure))
#12 /Users/malcolm/Documents/work/clientes/svcbmf/backend-api-svcbmf/vendor/laravel/framework/src/Illuminate/Support/Traits/ForwardsCalls.php(23): Illuminate\\Database\\Eloquent\\Builder->create(Array)
#13 /Users/malcolm/Documents/work/clientes/svcbmf/backend-api-svcbmf/vendor/laravel/framework/src/Illuminate/Database/Eloquent/Model.php(2132): Illuminate\\Database\\Eloquent\\Model->forwardCallTo(Object(Illuminate\\Database\\Eloquent\\Builder), 'create', Array)
#14 /Users/malcolm/Documents/work/clientes/svcbmf/backend-api-svcbmf/vendor/laravel/framework/src/Illuminate/Database/Eloquent/Model.php(2144): Illuminate\\Database\\Eloquent\\Model->__call('create', Array)
#15 /Users/malcolm/Documents/work/clientes/svcbmf/backend-api-svcbmf/database/seeders/UserSeeder.php(116): Illuminate\\Database\\Eloquent\\Model::__callStatic('create', Array)
#16 /Users/malcolm/Documents/work/clientes/svcbmf/backend-api-svcbmf/vendor/laravel/framework/src/Illuminate/Container/BoundMethod.php(36): Database\\Seeders\\UserSeeder->run()
#17 /Users/malcolm/Documents/work/clientes/svcbmf/backend-api-svcbmf/vendor/laravel/framework/src/Illuminate/Container/Util.php(40): Illuminate\\Container\\BoundMethod::{closure:Illuminate\\Container\\BoundMethod::call():35}()
#18 /Users/malcolm/Documents/work/clientes/svcbmf/backend-api-svcbmf/vendor/laravel/framework/src/Illuminate/Container/BoundMethod.php(93): Illuminate\\Container\\Util::unwrapIfClosure(Object(Closure))
#19 /Users/malcolm/Documents/work/clientes/svcbmf/backend-api-svcbmf/vendor/laravel/framework/src/Illuminate/Container/BoundMethod.php(35): Illuminate\\Container\\BoundMethod::callBoundMethod(Object(Illuminate\\Foundation\\Application), Array, Object(Closure))
#20 /Users/malcolm/Documents/work/clientes/svcbmf/backend-api-svcbmf/vendor/laravel/framework/src/Illuminate/Container/Container.php(653): Illuminate\\Container\\BoundMethod::call(Object(Illuminate\\Foundation\\Application), Array, Array, NULL)
#21 /Users/malcolm/Documents/work/clientes/svcbmf/backend-api-svcbmf/vendor/laravel/framework/src/Illuminate/Database/Seeder.php(149): Illuminate\\Container\\Container->call(Array, Array)
#22 /Users/malcolm/Documents/work/clientes/svcbmf/backend-api-svcbmf/vendor/laravel/framework/src/Illuminate/Database/Console/Seeds/SeedCommand.php(66): Illuminate\\Database\\Seeder->__invoke()
#23 /Users/malcolm/Documents/work/clientes/svcbmf/backend-api-svcbmf/vendor/laravel/framework/src/Illuminate/Database/Eloquent/Concerns/GuardsAttributes.php(157): Illuminate\\Database\\Console\\Seeds\\SeedCommand->{closure:Illuminate\\Database\\Console\\Seeds\\SeedCommand::handle():65}()
#24 /Users/malcolm/Documents/work/clientes/svcbmf/backend-api-svcbmf/vendor/laravel/framework/src/Illuminate/Database/Console/Seeds/SeedCommand.php(65): Illuminate\\Database\\Eloquent\\Model::unguarded(Object(Closure))
#25 /Users/malcolm/Documents/work/clientes/svcbmf/backend-api-svcbmf/vendor/laravel/framework/src/Illuminate/Container/BoundMethod.php(36): Illuminate\\Database\\Console\\Seeds\\SeedCommand->handle()
#26 /Users/malcolm/Documents/work/clientes/svcbmf/backend-api-svcbmf/vendor/laravel/framework/src/Illuminate/Container/Util.php(40): Illuminate\\Container\\BoundMethod::{closure:Illuminate\\Container\\BoundMethod::call():35}()
#27 /Users/malcolm/Documents/work/clientes/svcbmf/backend-api-svcbmf/vendor/laravel/framework/src/Illuminate/Container/BoundMethod.php(93): Illuminate\\Container\\Util::unwrapIfClosure(Object(Closure))
#28 /Users/malcolm/Documents/work/clientes/svcbmf/backend-api-svcbmf/vendor/laravel/framework/src/Illuminate/Container/BoundMethod.php(35): Illuminate\\Container\\BoundMethod::callBoundMethod(Object(Illuminate\\Foundation\\Application), Array, Object(Closure))
#29 /Users/malcolm/Documents/work/clientes/svcbmf/backend-api-svcbmf/vendor/laravel/framework/src/Illuminate/Container/Container.php(653): Illuminate\\Container\\BoundMethod::call(Object(Illuminate\\Foundation\\Application), Array, Array, NULL)
#30 /Users/malcolm/Documents/work/clientes/svcbmf/backend-api-svcbmf/vendor/laravel/framework/src/Illuminate/Console/Command.php(136): Illuminate\\Container\\Container->call(Array)
#31 /Users/malcolm/Documents/work/clientes/svcbmf/backend-api-svcbmf/vendor/symfony/console/Command/Command.php(298): Illuminate\\Console\\Command->execute(Object(Symfony\\Component\\Console\\Input\\ArgvInput), Object(Illuminate\\Console\\OutputStyle))
#32 /Users/malcolm/Documents/work/clientes/svcbmf/backend-api-svcbmf/vendor/laravel/framework/src/Illuminate/Console/Command.php(120): Symfony\\Component\\Console\\Command\\Command->run(Object(Symfony\\Component\\Console\\Input\\ArgvInput), Object(Illuminate\\Console\\OutputStyle))
#33 /Users/malcolm/Documents/work/clientes/svcbmf/backend-api-svcbmf/vendor/symfony/console/Application.php(1040): Illuminate\\Console\\Command->run(Object(Symfony\\Component\\Console\\Input\\ArgvInput), Object(Symfony\\Component\\Console\\Output\\ConsoleOutput))
#34 /Users/malcolm/Documents/work/clientes/svcbmf/backend-api-svcbmf/vendor/symfony/console/Application.php(301): Symfony\\Component\\Console\\Application->doRunCommand(Object(Illuminate\\Database\\Console\\Seeds\\SeedCommand), Object(Symfony\\Component\\Console\\Input\\ArgvInput), Object(Symfony\\Component\\Console\\Output\\ConsoleOutput))
#35 /Users/malcolm/Documents/work/clientes/svcbmf/backend-api-svcbmf/vendor/symfony/console/Application.php(171): Symfony\\Component\\Console\\Application->doRun(Object(Symfony\\Component\\Console\\Input\\ArgvInput), Object(Symfony\\Component\\Console\\Output\\ConsoleOutput))
#36 /Users/malcolm/Documents/work/clientes/svcbmf/backend-api-svcbmf/vendor/laravel/framework/src/Illuminate/Console/Application.php(94): Symfony\\Component\\Console\\Application->run(Object(Symfony\\Component\\Console\\Input\\ArgvInput), Object(Symfony\\Component\\Console\\Output\\ConsoleOutput))
#37 /Users/malcolm/Documents/work/clientes/svcbmf/backend-api-svcbmf/vendor/laravel/framework/src/Illuminate/Foundation/Console/Kernel.php(129): Illuminate\\Console\\Application->run(Object(Symfony\\Component\\Console\\Input\\ArgvInput), Object(Symfony\\Component\\Console\\Output\\ConsoleOutput))
#38 /Users/malcolm/Documents/work/clientes/svcbmf/backend-api-svcbmf/artisan(35): Illuminate\\Foundation\\Console\\Kernel->handle(Object(Symfony\\Component\\Console\\Input\\ArgvInput), Object(Symfony\\Component\\Console\\Output\\ConsoleOutput))
#39 {main}

[previous exception] [object] (PDOException(code: 42S22): SQLSTATE[42S22]: Column not found: 1054 Unknown column 'location_id' in 'field list' at /Users/malcolm/Documents/work/clientes/svcbmf/backend-api-svcbmf/vendor/laravel/framework/src/Illuminate/Database/Connection.php:495)
[stacktrace]
#0 /Users/malcolm/Documents/work/clientes/svcbmf/backend-api-svcbmf/vendor/laravel/framework/src/Illuminate/Database/Connection.php(495): PDO->prepare('insert into `us...')
#1 /Users/malcolm/Documents/work/clientes/svcbmf/backend-api-svcbmf/vendor/laravel/framework/src/Illuminate/Database/Connection.php(705): Illuminate\\Database\\Connection->{closure:Illuminate\\Database\\Connection::statement():490}('insert into `us...', Array)
#2 /Users/malcolm/Documents/work/clientes/svcbmf/backend-api-svcbmf/vendor/laravel/framework/src/Illuminate/Database/Connection.php(672): Illuminate\\Database\\Connection->runQueryCallback('insert into `us...', Array, Object(Closure))
#3 /Users/malcolm/Documents/work/clientes/svcbmf/backend-api-svcbmf/vendor/laravel/framework/src/Illuminate/Database/Connection.php(490): Illuminate\\Database\\Connection->run('insert into `us...', Array, Object(Closure))
#4 /Users/malcolm/Documents/work/clientes/svcbmf/backend-api-svcbmf/vendor/laravel/framework/src/Illuminate/Database/Connection.php(454): Illuminate\\Database\\Connection->statement('insert into `us...', Array)
#5 /Users/malcolm/Documents/work/clientes/svcbmf/backend-api-svcbmf/vendor/laravel/framework/src/Illuminate/Database/Query/Processors/Processor.php(32): Illuminate\\Database\\Connection->insert('insert into `us...', Array)
#6 /Users/malcolm/Documents/work/clientes/svcbmf/backend-api-svcbmf/vendor/laravel/framework/src/Illuminate/Database/Query/Builder.php(3028): Illuminate\\Database\\Query\\Processors\\Processor->processInsertGetId(Object(Illuminate\\Database\\Query\\Builder), 'insert into `us...', Array, 'id')
#7 /Users/malcolm/Documents/work/clientes/svcbmf/backend-api-svcbmf/vendor/laravel/framework/src/Illuminate/Database/Eloquent/Builder.php(1657): Illuminate\\Database\\Query\\Builder->insertGetId(Array, 'id')
#8 /Users/malcolm/Documents/work/clientes/svcbmf/backend-api-svcbmf/vendor/laravel/framework/src/Illuminate/Database/Eloquent/Model.php(1188): Illuminate\\Database\\Eloquent\\Builder->__call('insertGetId', Array)
#9 /Users/malcolm/Documents/work/clientes/svcbmf/backend-api-svcbmf/vendor/laravel/framework/src/Illuminate/Database/Eloquent/Model.php(1153): Illuminate\\Database\\Eloquent\\Model->insertAndSetId(Object(Illuminate\\Database\\Eloquent\\Builder), Array)
#10 /Users/malcolm/Documents/work/clientes/svcbmf/backend-api-svcbmf/vendor/laravel/framework/src/Illuminate/Database/Eloquent/Model.php(994): Illuminate\\Database\\Eloquent\\Model->performInsert(Object(Illuminate\\Database\\Eloquent\\Builder))
#11 /Users/malcolm/Documents/work/clientes/svcbmf/backend-api-svcbmf/vendor/laravel/framework/src/Illuminate/Database/Eloquent/Builder.php(896): Illuminate\\Database\\Eloquent\\Model->save()
#12 /Users/malcolm/Documents/work/clientes/svcbmf/backend-api-svcbmf/vendor/laravel/framework/src/Illuminate/Support/helpers.php(263): Illuminate\\Database\\Eloquent\\Builder->{closure:Illuminate\\Database\\Eloquent\\Builder::create():895}(Object(App\\Models\\User))
#13 /Users/malcolm/Documents/work/clientes/svcbmf/backend-api-svcbmf/vendor/laravel/framework/src/Illuminate/Database/Eloquent/Builder.php(895): tap(Object(App\\Models\\User), Object(Closure))
#14 /Users/malcolm/Documents/work/clientes/svcbmf/backend-api-svcbmf/vendor/laravel/framework/src/Illuminate/Support/Traits/ForwardsCalls.php(23): Illuminate\\Database\\Eloquent\\Builder->create(Array)
#15 /Users/malcolm/Documents/work/clientes/svcbmf/backend-api-svcbmf/vendor/laravel/framework/src/Illuminate/Database/Eloquent/Model.php(2132): Illuminate\\Database\\Eloquent\\Model->forwardCallTo(Object(Illuminate\\Database\\Eloquent\\Builder), 'create', Array)
#16 /Users/malcolm/Documents/work/clientes/svcbmf/backend-api-svcbmf/vendor/laravel/framework/src/Illuminate/Database/Eloquent/Model.php(2144): Illuminate\\Database\\Eloquent\\Model->__call('create', Array)
#17 /Users/malcolm/Documents/work/clientes/svcbmf/backend-api-svcbmf/database/seeders/UserSeeder.php(116): Illuminate\\Database\\Eloquent\\Model::__callStatic('create', Array)
#18 /Users/malcolm/Documents/work/clientes/svcbmf/backend-api-svcbmf/vendor/laravel/framework/src/Illuminate/Container/BoundMethod.php(36): Database\\Seeders\\UserSeeder->run()
#19 /Users/malcolm/Documents/work/clientes/svcbmf/backend-api-svcbmf/vendor/laravel/framework/src/Illuminate/Container/Util.php(40): Illuminate\\Container\\BoundMethod::{closure:Illuminate\\Container\\BoundMethod::call():35}()
#20 /Users/malcolm/Documents/work/clientes/svcbmf/backend-api-svcbmf/vendor/laravel/framework/src/Illuminate/Container/BoundMethod.php(93): Illuminate\\Container\\Util::unwrapIfClosure(Object(Closure))
#21 /Users/malcolm/Documents/work/clientes/svcbmf/backend-api-svcbmf/vendor/laravel/framework/src/Illuminate/Container/BoundMethod.php(35): Illuminate\\Container\\BoundMethod::callBoundMethod(Object(Illuminate\\Foundation\\Application), Array, Object(Closure))
#22 /Users/malcolm/Documents/work/clientes/svcbmf/backend-api-svcbmf/vendor/laravel/framework/src/Illuminate/Container/Container.php(653): Illuminate\\Container\\BoundMethod::call(Object(Illuminate\\Foundation\\Application), Array, Array, NULL)
#23 /Users/malcolm/Documents/work/clientes/svcbmf/backend-api-svcbmf/vendor/laravel/framework/src/Illuminate/Database/Seeder.php(149): Illuminate\\Container\\Container->call(Array, Array)
#24 /Users/malcolm/Documents/work/clientes/svcbmf/backend-api-svcbmf/vendor/laravel/framework/src/Illuminate/Database/Console/Seeds/SeedCommand.php(66): Illuminate\\Database\\Seeder->__invoke()
#25 /Users/malcolm/Documents/work/clientes/svcbmf/backend-api-svcbmf/vendor/laravel/framework/src/Illuminate/Database/Eloquent/Concerns/GuardsAttributes.php(157): Illuminate\\Database\\Console\\Seeds\\SeedCommand->{closure:Illuminate\\Database\\Console\\Seeds\\SeedCommand::handle():65}()
#26 /Users/malcolm/Documents/work/clientes/svcbmf/backend-api-svcbmf/vendor/laravel/framework/src/Illuminate/Database/Console/Seeds/SeedCommand.php(65): Illuminate\\Database\\Eloquent\\Model::unguarded(Object(Closure))
#27 /Users/malcolm/Documents/work/clientes/svcbmf/backend-api-svcbmf/vendor/laravel/framework/src/Illuminate/Container/BoundMethod.php(36): Illuminate\\Database\\Console\\Seeds\\SeedCommand->handle()
#28 /Users/malcolm/Documents/work/clientes/svcbmf/backend-api-svcbmf/vendor/laravel/framework/src/Illuminate/Container/Util.php(40): Illuminate\\Container\\BoundMethod::{closure:Illuminate\\Container\\BoundMethod::call():35}()
#29 /Users/malcolm/Documents/work/clientes/svcbmf/backend-api-svcbmf/vendor/laravel/framework/src/Illuminate/Container/BoundMethod.php(93): Illuminate\\Container\\Util::unwrapIfClosure(Object(Closure))
#30 /Users/malcolm/Documents/work/clientes/svcbmf/backend-api-svcbmf/vendor/laravel/framework/src/Illuminate/Container/BoundMethod.php(35): Illuminate\\Container\\BoundMethod::callBoundMethod(Object(Illuminate\\Foundation\\Application), Array, Object(Closure))
#31 /Users/malcolm/Documents/work/clientes/svcbmf/backend-api-svcbmf/vendor/laravel/framework/src/Illuminate/Container/Container.php(653): Illuminate\\Container\\BoundMethod::call(Object(Illuminate\\Foundation\\Application), Array, Array, NULL)
#32 /Users/malcolm/Documents/work/clientes/svcbmf/backend-api-svcbmf/vendor/laravel/framework/src/Illuminate/Console/Command.php(136): Illuminate\\Container\\Container->call(Array)
#33 /Users/malcolm/Documents/work/clientes/svcbmf/backend-api-svcbmf/vendor/symfony/console/Command/Command.php(298): Illuminate\\Console\\Command->execute(Object(Symfony\\Component\\Console\\Input\\ArgvInput), Object(Illuminate\\Console\\OutputStyle))
#34 /Users/malcolm/Documents/work/clientes/svcbmf/backend-api-svcbmf/vendor/laravel/framework/src/Illuminate/Console/Command.php(120): Symfony\\Component\\Console\\Command\\Command->run(Object(Symfony\\Component\\Console\\Input\\ArgvInput), Object(Illuminate\\Console\\OutputStyle))
#35 /Users/malcolm/Documents/work/clientes/svcbmf/backend-api-svcbmf/vendor/symfony/console/Application.php(1040): Illuminate\\Console\\Command->run(Object(Symfony\\Component\\Console\\Input\\ArgvInput), Object(Symfony\\Component\\Console\\Output\\ConsoleOutput))
#36 /Users/malcolm/Documents/work/clientes/svcbmf/backend-api-svcbmf/vendor/symfony/console/Application.php(301): Symfony\\Component\\Console\\Application->doRunCommand(Object(Illuminate\\Database\\Console\\Seeds\\SeedCommand), Object(Symfony\\Component\\Console\\Input\\ArgvInput), Object(Symfony\\Component\\Console\\Output\\ConsoleOutput))
#37 /Users/malcolm/Documents/work/clientes/svcbmf/backend-api-svcbmf/vendor/symfony/console/Application.php(171): Symfony\\Component\\Console\\Application->doRun(Object(Symfony\\Component\\Console\\Input\\ArgvInput), Object(Symfony\\Component\\Console\\Output\\ConsoleOutput))
#38 /Users/malcolm/Documents/work/clientes/svcbmf/backend-api-svcbmf/vendor/laravel/framework/src/Illuminate/Console/Application.php(94): Symfony\\Component\\Console\\Application->run(Object(Symfony\\Component\\Console\\Input\\ArgvInput), Object(Symfony\\Component\\Console\\Output\\ConsoleOutput))
#39 /Users/malcolm/Documents/work/clientes/svcbmf/backend-api-svcbmf/vendor/laravel/framework/src/Illuminate/Foundation/Console/Kernel.php(129): Illuminate\\Console\\Application->run(Object(Symfony\\Component\\Console\\Input\\ArgvInput), Object(Symfony\\Component\\Console\\Output\\ConsoleOutput))
#40 /Users/malcolm/Documents/work/clientes/svcbmf/backend-api-svcbmf/artisan(35): Illuminate\\Foundation\\Console\\Kernel->handle(Object(Symfony\\Component\\Console\\Input\\ArgvInput), Object(Symfony\\Component\\Console\\Output\\ConsoleOutput))
#41 {main}
"} 
